0 info it worked if it ends with ok
1 verbose cli [ 'C:\\Program Files (x86)\\Nodist\\v-x64\\10.13.0\\node.exe',
1 verbose cli   'C:\\Program Files (x86)\\Nodist\\npmv\\4.0.5\\bin\\npm-cli.js',
1 verbose cli   'run',
1 verbose cli   'deploy' ]
2 info using npm@4.0.5
3 info using node@v10.13.0
4 verbose config Skipping project config: C:\Users\BJ/.npmrc. (matches userconfig)
5 verbose stack Error: missing script: deploy
5 verbose stack     at run (C:\Program Files (x86)\Nodist\npmv\4.0.5\lib\run-script.js:151:19)
5 verbose stack     at C:\Program Files (x86)\Nodist\npmv\4.0.5\lib\run-script.js:61:5
5 verbose stack     at C:\Program Files (x86)\Nodist\npmv\4.0.5\node_modules\read-package-json\read-json.js:356:5
5 verbose stack     at checkBinReferences_ (C:\Program Files (x86)\Nodist\npmv\4.0.5\node_modules\read-package-json\read-json.js:320:45)
5 verbose stack     at final (C:\Program Files (x86)\Nodist\npmv\4.0.5\node_modules\read-package-json\read-json.js:354:3)
5 verbose stack     at then (C:\Program Files (x86)\Nodist\npmv\4.0.5\node_modules\read-package-json\read-json.js:124:5)
5 verbose stack     at C:\Program Files (x86)\Nodist\npmv\4.0.5\node_modules\read-package-json\read-json.js:311:12
5 verbose stack     at C:\Program Files (x86)\Nodist\npmv\4.0.5\node_modules\graceful-fs\graceful-fs.js:78:16
5 verbose stack     at FSReqWrap.readFileAfterClose [as oncomplete] (internal/fs/read_file_context.js:53:3)
6 verbose cwd C:\Users\BJ\Desktop\urbsite
7 error Windows_NT 10.0.17134
8 error argv "C:\\Program Files (x86)\\Nodist\\v-x64\\10.13.0\\node.exe" "C:\\Program Files (x86)\\Nodist\\npmv\\4.0.5\\bin\\npm-cli.js" "run" "deploy"
9 error node v10.13.0
10 error npm  v4.0.5
11 error missing script: deploy
12 error If you need help, you may report this error at:
12 error     <https://github.com/npm/npm/issues>
13 verbose exit [ 1, true ]
